<?xml version="1.0" encoding="UTF-8" ?>
<testsuite errors="0" failures="0" hostname="DESKTOP-AM4A3BG" name="MaksukorttiTest" skipped="0" tests="10" time="0.307" timestamp="2019-03-21T11:57:16">
  <properties>
[...]
</properties>
  <testcase classname="MaksukorttiTest" name="konstruktoriAsettaaSaldonOikein" time="0.016" />
  <testcase classname="MaksukorttiTest" name="syoMaukkaastiEiVieSaldoaNegatiiviseksi" time="0.0" />
  <testcase classname="MaksukorttiTest" name="syoEdullisestiEiVieSaldoaNegatiiviseksi" time="0.0" />
  <testcase classname="MaksukorttiTest" name="edullisenLounaanVoiOstaaKunKortillaRahaaVainEdullisenVerran" time="0.0" />
  <testcase classname="MaksukorttiTest" name="maukkaanLounaanVoiOstaaKunKortillaRahaaVainMaukkaanVerran" time="0.0" />
  <testcase classname="MaksukorttiTest" name="kortinSaldoEiYlitaMaksimiarvoa" time="0.0" />
  <testcase classname="MaksukorttiTest" name="syoEdullisestiVahentaaSaldoaOikein" time="0.0" />
  <testcase classname="MaksukorttiTest" name="syoMaukkaastiVahentaaSaldoaOikein" time="0.0" />
  <testcase classname="MaksukorttiTest" name="negatiivisenSummanLataaminenEiMuutaKortinArvoa" time="0.016" />
  <testcase classname="MaksukorttiTest" name="kortilleVoiLadataRahaa" time="0.0" />
  <system-out><![CDATA[]]></system-out>
  <system-err><![CDATA[]]></system-err>
</testsuite>
